<?xml version="1.0" encoding="UTF-8"?>
<testng-results ignored="6" total="10" passed="4" failed="0" skipped="0">
  <reporter-output>
  </reporter-output>
  <suite started-at="2021-05-26T13:50:08Z" name="Suite" finished-at="2021-05-26T13:50:57Z" duration-ms="48544">
    <groups>
    </groups>
    <test started-at="2021-05-26T13:50:08Z" name="Test" finished-at="2021-05-26T13:50:57Z" duration-ms="48544">
      <class name="testCases.TestCase1">
        <test-method is-config="true" signature="setDriver()[pri:0, instance:testCases.TestCase1@4d7aaca2]" started-at="2021-05-26T13:50:06Z" name="setDriver" finished-at="2021-05-26T13:50:08Z" duration-ms="2507" status="PASS">
          <reporter-output>
          </reporter-output>
        </test-method> <!-- setDriver -->
        <test-method is-config="true" signature="browserTest()[pri:0, instance:testCases.TestCase1@4d7aaca2]" started-at="2021-05-26T13:50:09Z" name="browserTest" finished-at="2021-05-26T13:50:20Z" duration-ms="11112" status="PASS">
          <reporter-output>
          </reporter-output>
        </test-method> <!-- browserTest -->
        <test-method signature="datainput()[pri:0, instance:testCases.TestCase1@4d7aaca2]" started-at="2021-05-26T13:50:20Z" name="datainput" finished-at="2021-05-26T13:50:20Z" duration-ms="185" status="PASS">
          <reporter-output>
          </reporter-output>
        </test-method> <!-- datainput -->
        <test-method is-config="true" signature="closeBrowser()[pri:0, instance:testCases.TestCase1@4d7aaca2]" started-at="2021-05-26T13:50:57Z" name="closeBrowser" finished-at="2021-05-26T13:50:58Z" duration-ms="753" status="PASS">
          <reporter-output>
          </reporter-output>
        </test-method> <!-- closeBrowser -->
      </class> <!-- testCases.TestCase1 -->
      <class name="testCases.TestCase2">
        <test-method signature="data1(java.lang.String)[pri:1, instance:testCases.TestCase2@604b1e1d]" started-at="2021-05-26T13:50:22Z" name="data1" data-provider="searchdata" finished-at="2021-05-26T13:50:41Z" duration-ms="19023" status="PASS">
          <params>
            <param index="0">
              <value>
                <![CDATA[mobiles]]>
              </value>
            </param>
          </params>
          <reporter-output>
          </reporter-output>
        </test-method> <!-- data1 -->
      </class> <!-- testCases.TestCase2 -->
      <class name="testCases.TestCase3">
        <test-method signature="data1(java.lang.String)[pri:1, instance:testCases.TestCase3@62566842]" started-at="2021-05-26T13:50:41Z" name="data1" data-provider="searchdata" finished-at="2021-05-26T13:50:41Z" duration-ms="20" status="PASS">
          <params>
            <param index="0">
              <value>
                <![CDATA[mobiles]]>
              </value>
            </param>
          </params>
          <reporter-output>
          </reporter-output>
        </test-method> <!-- data1 -->
      </class> <!-- testCases.TestCase3 -->
      <class name="testCases.TestCase4">
        <test-method signature="data1(java.lang.String)[pri:1, instance:testCases.TestCase4@2f1ea80d]" started-at="2021-05-26T13:50:41Z" name="data1" data-provider="searchdata" finished-at="2021-05-26T13:50:57Z" duration-ms="15747" status="PASS">
          <params>
            <param index="0">
              <value>
                <![CDATA[mobiles]]>
              </value>
            </param>
          </params>
          <reporter-output>
          </reporter-output>
        </test-method> <!-- data1 -->
      </class> <!-- testCases.TestCase4 -->
    </test> <!-- Test -->
  </suite> <!-- Suite -->
</testng-results>
