<?xml version="1.0" encoding="UTF-8"?>
<testsuite xmlns:xsi="http://www.w3.org/2001/XMLSchema-instance" xsi:noNamespaceSchemaLocation="https://maven.apache.org/surefire/maven-surefire-plugin/xsd/surefire-test-report.xsd" name="TestSuite" time="54.247" tests="4" errors="0" skipped="0" failures="0">
  <properties>
[...]
</properties>
  <testcase name="datainput" classname="testCases.TestCase1" time="0.189"/>
  <testcase name="data1" classname="testCases.TestCase2" time="19.024"/>
  <testcase name="data1" classname="testCases.TestCase3" time="0.019"/>
  <testcase name="data1" classname="testCases.TestCase4" time="15.747"/>
</testsuite>