<?xml version="1.0" encoding="UTF-8"?>
<!-- Generated by org.testng.reporters.JUnitXMLReporter -->
<testsuite ignored="6" hostname="DESKTOP-QANCJUS" failures="0" tests="4" name="Test" time="48.544" errors="0" timestamp="26 May 2021 13:50:57 GMT">
  <testcase classname="testCases.TestCase1" name="datainput" time="0.185"/>
  <testcase classname="testCases.TestCase2" name="data1" time="19.023"/>
  <testcase classname="testCases.TestCase3" name="data1" time="0.02"/>
  <testcase classname="testCases.TestCase4" name="data1" time="15.747"/>
  <testcase classname="Browser.Browser" name="@BeforeSuite setDriver" time="0.0">
    <ignored/>
  </testcase> <!-- @BeforeSuite setDriver -->
  <testcase classname="Browser.Browser" name="@BeforeSuite setDriver" time="0.0">
    <ignored/>
  </testcase> <!-- @BeforeSuite setDriver -->
  <testcase classname="Browser.Browser" name="@BeforeSuite setDriver" time="0.0">
    <ignored/>
  </testcase> <!-- @BeforeSuite setDriver -->
  <testcase classname="Browser.Browser" name="@AfterSuite closeBrowser" time="0.0">
    <ignored/>
  </testcase> <!-- @AfterSuite closeBrowser -->
  <testcase classname="Browser.Browser" name="@AfterSuite closeBrowser" time="0.0">
    <ignored/>
  </testcase> <!-- @AfterSuite closeBrowser -->
  <testcase classname="Browser.Browser" name="@AfterSuite closeBrowser" time="0.0">
    <ignored/>
  </testcase> <!-- @AfterSuite closeBrowser -->
</testsuite> <!-- Test -->
