<?xml version="1.0" encoding="UTF-8"?>
<!-- Generated by org.testng.reporters.JUnitXMLReporter -->
<testsuite ignored="6" hostname="DNYANDA" failures="0" tests="4" name="Test" time="45.341" errors="0" timestamp="26 May 2021 08:57:56 GMT">
  <testcase classname="testCases.TestCase1" name="datainput" time="0.367"/>
  <testcase classname="testCases.TestCase2" name="data1" time="19.457"/>
  <testcase classname="testCases.TestCase3" name="data1" time="0.016"/>
  <testcase classname="testCases.TestCase4" name="data1" time="15.373"/>
  <testcase classname="Browser.Browser" name="@BeforeSuite setDriver" time="0.0">
    <ignored/>
  </testcase> <!-- @BeforeSuite setDriver -->
  <testcase classname="Browser.Browser" name="@BeforeSuite setDriver" time="0.0">
    <ignored/>
  </testcase> <!-- @BeforeSuite setDriver -->
  <testcase classname="Browser.Browser" name="@BeforeSuite setDriver" time="0.0">
    <ignored/>
  </testcase> <!-- @BeforeSuite setDriver -->
  <testcase classname="Browser.Browser" name="@AfterSuite closeBrowser" time="0.0">
    <ignored/>
  </testcase> <!-- @AfterSuite closeBrowser -->
  <testcase classname="Browser.Browser" name="@AfterSuite closeBrowser" time="0.0">
    <ignored/>
  </testcase> <!-- @AfterSuite closeBrowser -->
  <testcase classname="Browser.Browser" name="@AfterSuite closeBrowser" time="0.0">
    <ignored/>
  </testcase> <!-- @AfterSuite closeBrowser -->
</testsuite> <!-- Test -->
