<?xml version="1.0" encoding="UTF-8"?>
<testsuite xmlns:xsi="http://www.w3.org/2001/XMLSchema-instance" xsi:noNamespaceSchemaLocation="https://maven.apache.org/surefire/maven-surefire-plugin/xsd/surefire-test-report.xsd" name="TestSuite" time="47.352" tests="23" errors="0" skipped="21" failures="2">
  <properties>
[...]
</properties>
  <testcase name="setUp" classname="com.tripadvisor.tests.CruisesTest" time="10.953">
    <failure message="Cannot invoke &quot;com.aventstack.extentreports.ExtentTest.log(com.aventstack.extentreports.Status, String)&quot; because &quot;com.tripadvisor.base.BaseUI.logger&quot; is null" type="java.lang.NullPointerException">java.lang.NullPointerException: Cannot invoke "com.aventstack.extentreports.ExtentTest.log(com.aventstack.extentreports.Status, String)" because "com.tripadvisor.base.BaseUI.logger" is null
	at com.tripadvisor.tests.CruisesTest.setUp(CruisesTest.java:31)
</failure>
    <system-out><![CDATA[[DEBUG] 2021-05-25 05:48:00.409 [main] BaseUI - Opening browser
[INFO ] 2021-05-25 05:48:03.349 [main] BaseUI - Opened browser
[DEBUG] 2021-05-25 05:48:03.350 [main] BaseUI - Opening URL
[ERROR] 2021-05-25 05:48:10.188 [main] BaseUI - Failed to open URL
]]></system-out>
    <system-err><![CDATA[Starting ChromeDriver 89.0.4389.23 (61b08ee2c50024bab004e48d2b1b083cdbdac579-refs/branch-heads/4389@{#294}) on port 25448
Only local connections are allowed.
Please see https://chromedriver.chromium.org/security-considerations for suggestions on keeping ChromeDriver safe.
ChromeDriver was started successfully.
[1621901882.943][WARNING]: This version of ChromeDriver has not been tested with Chrome version 90.
May 25, 2021 5:48:03 AM org.openqa.selenium.remote.ProtocolHandshake createSession
INFO: Detected dialect: W3C
org.openqa.selenium.WebDriverException: unknown error: cannot determine loading status
from disconnected: received Inspector.detached event
  (Session info: chrome=90.0.4430.212)
Build info: version: '3.141.59', revision: 'e82be7d358', time: '2018-11-14T08:17:03'
System info: host: 'DESKTOP-QANCJUS', ip: '192.168.43.213', os.name: 'Windows 10', os.arch: 'amd64', os.version: '10.0', java.version: '15.0.2'
Driver info: org.openqa.selenium.chrome.ChromeDriver
Capabilities {acceptInsecureCerts: false, browserName: chrome, browserVersion: 90.0.4430.212, chrome: {chromedriverVersion: 89.0.4389.23 (61b08ee2c5002..., userDataDir: C:\Users\user\AppData\Local...}, goog:chromeOptions: {debuggerAddress: localhost:59035}, javascriptEnabled: true, networkConnectionEnabled: false, pageLoadStrategy: normal, platform: WINDOWS, platformName: WINDOWS, proxy: Proxy(), setWindowRect: true, strictFileInteractability: false, timeouts: {implicit: 0, pageLoad: 300000, script: 30000}, unhandledPromptBehavior: dismiss and notify, webauthn:extension:largeBlob: true, webauthn:virtualAuthenticators: true}
Session ID: 4387359ec0cdc2923dcf6a60004a8ae4
	at java.base/jdk.internal.reflect.NativeConstructorAccessorImpl.newInstance0(Native Method)
	at java.base/jdk.internal.reflect.NativeConstructorAccessorImpl.newInstance(NativeConstructorAccessorImpl.java:64)
	at java.base/jdk.internal.reflect.DelegatingConstructorAccessorImpl.newInstance(DelegatingConstructorAccessorImpl.java:45)
	at java.base/java.lang.reflect.Constructor.newInstanceWithCaller(Constructor.java:500)
	at java.base/java.lang.reflect.Constructor.newInstance(Constructor.java:481)
	at org.openqa.selenium.remote.http.W3CHttpResponseCodec.createException(W3CHttpResponseCodec.java:187)
	at org.openqa.selenium.remote.http.W3CHttpResponseCodec.decode(W3CHttpResponseCodec.java:122)
	at org.openqa.selenium.remote.http.W3CHttpResponseCodec.decode(W3CHttpResponseCodec.java:49)
	at org.openqa.selenium.remote.HttpCommandExecutor.execute(HttpCommandExecutor.java:158)
	at org.openqa.selenium.remote.service.DriverCommandExecutor.execute(DriverCommandExecutor.java:83)
	at org.openqa.selenium.remote.RemoteWebDriver.execute(RemoteWebDriver.java:552)
	at org.openqa.selenium.remote.RemoteWebDriver.get(RemoteWebDriver.java:277)
	at com.tripadvisor.base.BaseUI.openBrowser(BaseUI.java:94)
	at com.tripadvisor.tests.CruisesTest.setUp(CruisesTest.java:31)
	at java.base/jdk.internal.reflect.NativeMethodAccessorImpl.invoke0(Native Method)
	at java.base/jdk.internal.reflect.NativeMethodAccessorImpl.invoke(NativeMethodAccessorImpl.java:64)
	at java.base/jdk.internal.reflect.DelegatingMethodAccessorImpl.invoke(DelegatingMethodAccessorImpl.java:43)
	at java.base/java.lang.reflect.Method.invoke(Method.java:564)
	at org.testng.internal.MethodInvocationHelper.invokeMethod(MethodInvocationHelper.java:124)
	at org.testng.internal.MethodInvocationHelper.invokeMethodConsideringTimeout(MethodInvocationHelper.java:59)
	at org.testng.internal.Invoker.invokeConfigurationMethod(Invoker.java:458)
	at org.testng.internal.Invoker.invokeConfigurations(Invoker.java:222)
	at org.testng.internal.Invoker.invokeConfigurations(Invoker.java:142)
	at org.testng.internal.TestMethodWorker.invokeBeforeClassMethods(TestMethodWorker.java:168)
	at org.testng.internal.TestMethodWorker.run(TestMethodWorker.java:105)
	at org.testng.TestRunner.privateRun(TestRunner.java:648)
	at org.testng.TestRunner.run(TestRunner.java:505)
	at org.testng.SuiteRunner.runTest(SuiteRunner.java:455)
	at org.testng.SuiteRunner.runSequentially(SuiteRunner.java:450)
	at org.testng.SuiteRunner.privateRun(SuiteRunner.java:415)
	at org.testng.SuiteRunner.run(SuiteRunner.java:364)
	at org.testng.SuiteRunnerWorker.runSuite(SuiteRunnerWorker.java:52)
	at org.testng.SuiteRunnerWorker.run(SuiteRunnerWorker.java:84)
	at org.testng.TestNG.runSuitesSequentially(TestNG.java:1208)
	at org.testng.TestNG.runSuitesLocally(TestNG.java:1137)
	at org.testng.TestNG.runSuites(TestNG.java:1049)
	at org.testng.TestNG.run(TestNG.java:1017)
	at org.apache.maven.surefire.testng.TestNGExecutor.run(TestNGExecutor.java:135)
	at org.apache.maven.surefire.testng.TestNGDirectoryTestSuite.executeMulti(TestNGDirectoryTestSuite.java:193)
	at org.apache.maven.surefire.testng.TestNGDirectoryTestSuite.execute(TestNGDirectoryTestSuite.java:94)
	at org.apache.maven.surefire.testng.TestNGProvider.invoke(TestNGProvider.java:146)
	at org.apache.maven.surefire.booter.ForkedBooter.invokeProviderInSameClassLoader(ForkedBooter.java:384)
	at org.apache.maven.surefire.booter.ForkedBooter.runSuitesInProcess(ForkedBooter.java:345)
	at org.apache.maven.surefire.booter.ForkedBooter.execute(ForkedBooter.java:126)
	at org.apache.maven.surefire.booter.ForkedBooter.main(ForkedBooter.java:418)
]]></system-err>
  </testcase>
  <testcase name="verifyCruisesPageTitleTest" classname="com.tripadvisor.tests.CruisesTest" time="0">
    <skipped message="Cannot invoke &quot;com.aventstack.extentreports.ExtentTest.log(com.aventstack.extentreports.Status, String)&quot; because &quot;com.tripadvisor.base.BaseUI.logger&quot; is null"/>
  </testcase>
  <testcase name="verifySearchNotActivatedTest" classname="com.tripadvisor.tests.CruisesTest" time="0">
    <skipped message="Method CruisesTest.verifySearchNotActivatedTest()[pri:0, instance:com.tripadvisor.tests.CruisesTest@35d08e6c] depends on not successfully finished methods"/>
  </testcase>
  <testcase name="verifyShipDropDownNotActivatedTest" classname="com.tripadvisor.tests.CruisesTest" time="0">
    <skipped message="Method CruisesTest.verifyShipDropDownNotActivatedTest()[pri:0, instance:com.tripadvisor.tests.CruisesTest@35d08e6c] depends on not successfully finished methods"/>
  </testcase>
  <testcase name="verifyCruiseIsSelectedTest" classname="com.tripadvisor.tests.CruisesTest" time="0">
    <skipped message="Method CruisesTest.verifyCruiseIsSelectedTest(java.lang.String, java.lang.String)[pri:0, instance:com.tripadvisor.tests.CruisesTest@35d08e6c] depends on not successfully finished methods"/>
  </testcase>
  <testcase name="cruiseDetailsTest" classname="com.tripadvisor.tests.CruisesTest" time="0">
    <skipped message="Method CruisesTest.cruiseDetailsTest(java.lang.String, java.lang.String)[pri:0, instance:com.tripadvisor.tests.CruisesTest@35d08e6c] depends on not successfully finished methods"/>
  </testcase>
  <testcase name="afterTest" classname="com.tripadvisor.tests.CruisesTest" time="0">
    <skipped/>
  </testcase>
  <testcase name="invalidLocationTest" classname="com.tripadvisor.tests.HolidayHomesTest" time="30.262">
    <failure message="Test case failed: Expected condition failed: waiting for element to be clickable: By.xpath: //*[@id=&quot;lithium-root&quot;]/main/div[1]/div[2]/div/div/div[2]/a/span/span[1] (tried for 30 second(s) with 500 milliseconds interval)" type="java.lang.AssertionError">java.lang.AssertionError: Test case failed: Expected condition failed: waiting for element to be clickable: By.xpath: //*[@id="lithium-root"]/main/div[1]/div[2]/div/div/div[2]/a/span/span[1] (tried for 30 second(s) with 500 milliseconds interval)
	at com.tripadvisor.tests.HolidayHomesTest.invalidLocationTest(HolidayHomesTest.java:40)
</failure>
    <system-out><![CDATA[[DEBUG] 2021-05-25 05:48:10.307 [main] BaseUI - Opening browser
[INFO ] 2021-05-25 05:48:12.556 [main] BaseUI - Opened browser
[DEBUG] 2021-05-25 05:48:12.556 [main] BaseUI - Opening URL
[INFO ] 2021-05-25 05:48:14.965 [main] BaseUI - Opened URL
[DEBUG] 2021-05-25 05:48:14.982 [main] HomePage - Clicking on Holiday Homes button
[ERROR] 2021-05-25 05:48:45.169 [main] HomePage - Failed to click on element
]]></system-out>
    <system-err><![CDATA[Starting ChromeDriver 89.0.4389.23 (61b08ee2c50024bab004e48d2b1b083cdbdac579-refs/branch-heads/4389@{#294}) on port 15638
Only local connections are allowed.
Please see https://chromedriver.chromium.org/security-considerations for suggestions on keeping ChromeDriver safe.
ChromeDriver was started successfully.
[1621901892.380][WARNING]: This version of ChromeDriver has not been tested with Chrome version 90.
May 25, 2021 5:48:12 AM org.openqa.selenium.remote.ProtocolHandshake createSession
INFO: Detected dialect: W3C
org.openqa.selenium.TimeoutException: Expected condition failed: waiting for element to be clickable: By.xpath: //*[@id="lithium-root"]/main/div[1]/div[2]/div/div/div[2]/a/span/span[1] (tried for 30 second(s) with 500 milliseconds interval)
	at org.openqa.selenium.support.ui.WebDriverWait.timeoutException(WebDriverWait.java:95)
	at org.openqa.selenium.support.ui.FluentWait.until(FluentWait.java:272)
	at com.tripadvisor.base.BaseUI.clickOn(BaseUI.java:187)
	at com.tripadvisor.pages.HomePage.searchHolidayHomesLocation(HomePage.java:36)
	at com.tripadvisor.tests.HolidayHomesTest.invalidLocationTest(HolidayHomesTest.java:40)
	at java.base/jdk.internal.reflect.NativeMethodAccessorImpl.invoke0(Native Method)
	at java.base/jdk.internal.reflect.NativeMethodAccessorImpl.invoke(NativeMethodAccessorImpl.java:64)
	at java.base/jdk.internal.reflect.DelegatingMethodAccessorImpl.invoke(DelegatingMethodAccessorImpl.java:43)
	at java.base/java.lang.reflect.Method.invoke(Method.java:564)
	at org.testng.internal.MethodInvocationHelper.invokeMethod(MethodInvocationHelper.java:124)
	at org.testng.internal.Invoker.invokeMethod(Invoker.java:583)
	at org.testng.internal.Invoker.invokeTestMethod(Invoker.java:719)
	at org.testng.internal.Invoker.invokeTestMethods(Invoker.java:989)
	at org.testng.internal.TestMethodWorker.invokeTestMethods(TestMethodWorker.java:125)
	at org.testng.internal.TestMethodWorker.run(TestMethodWorker.java:109)
	at org.testng.TestRunner.privateRun(TestRunner.java:648)
	at org.testng.TestRunner.run(TestRunner.java:505)
	at org.testng.SuiteRunner.runTest(SuiteRunner.java:455)
	at org.testng.SuiteRunner.runSequentially(SuiteRunner.java:450)
	at org.testng.SuiteRunner.privateRun(SuiteRunner.java:415)
	at org.testng.SuiteRunner.run(SuiteRunner.java:364)
	at org.testng.SuiteRunnerWorker.runSuite(SuiteRunnerWorker.java:52)
	at org.testng.SuiteRunnerWorker.run(SuiteRunnerWorker.java:84)
	at org.testng.TestNG.runSuitesSequentially(TestNG.java:1208)
	at org.testng.TestNG.runSuitesLocally(TestNG.java:1137)
	at org.testng.TestNG.runSuites(TestNG.java:1049)
	at org.testng.TestNG.run(TestNG.java:1017)
	at org.apache.maven.surefire.testng.TestNGExecutor.run(TestNGExecutor.java:135)
	at org.apache.maven.surefire.testng.TestNGDirectoryTestSuite.executeMulti(TestNGDirectoryTestSuite.java:193)
	at org.apache.maven.surefire.testng.TestNGDirectoryTestSuite.execute(TestNGDirectoryTestSuite.java:94)
	at org.apache.maven.surefire.testng.TestNGProvider.invoke(TestNGProvider.java:146)
	at org.apache.maven.surefire.booter.ForkedBooter.invokeProviderInSameClassLoader(ForkedBooter.java:384)
	at org.apache.maven.surefire.booter.ForkedBooter.runSuitesInProcess(ForkedBooter.java:345)
	at org.apache.maven.surefire.booter.ForkedBooter.execute(ForkedBooter.java:126)
	at org.apache.maven.surefire.booter.ForkedBooter.main(ForkedBooter.java:418)
Caused by: org.openqa.selenium.NoSuchWindowException: no such window: target window already closed
from unknown error: web view not found
  (Session info: chrome=90.0.4430.212)
Build info: version: '3.141.59', revision: 'e82be7d358', time: '2018-11-14T08:17:03'
System info: host: 'DESKTOP-QANCJUS', ip: '192.168.43.213', os.name: 'Windows 10', os.arch: 'amd64', os.version: '10.0', java.version: '15.0.2'
Driver info: org.openqa.selenium.chrome.ChromeDriver
Capabilities {acceptInsecureCerts: false, browserName: chrome, browserVersion: 90.0.4430.212, chrome: {chromedriverVersion: 89.0.4389.23 (61b08ee2c5002..., userDataDir: C:\Users\user\AppData\Local...}, goog:chromeOptions: {debuggerAddress: localhost:59049}, javascriptEnabled: true, networkConnectionEnabled: false, pageLoadStrategy: normal, platform: WINDOWS, platformName: WINDOWS, proxy: Proxy(), setWindowRect: true, strictFileInteractability: false, timeouts: {implicit: 0, pageLoad: 300000, script: 30000}, unhandledPromptBehavior: dismiss and notify, webauthn:extension:largeBlob: true, webauthn:virtualAuthenticators: true}
Session ID: 785631031ac387e95ff4db30b82fdb9c
*** Element info: {Using=xpath, value=//*[@id="lithium-root"]/main/div[1]/div[2]/div/div/div[2]/a/span/span[1]}
	at jdk.internal.reflect.GeneratedConstructorAccessor16.newInstance(Unknown Source)
	at java.base/jdk.internal.reflect.DelegatingConstructorAccessorImpl.newInstance(DelegatingConstructorAccessorImpl.java:45)
	at java.base/java.lang.reflect.Constructor.newInstanceWithCaller(Constructor.java:500)
	at java.base/java.lang.reflect.Constructor.newInstance(Constructor.java:481)
	at org.openqa.selenium.remote.http.W3CHttpResponseCodec.createException(W3CHttpResponseCodec.java:187)
	at org.openqa.selenium.remote.http.W3CHttpResponseCodec.decode(W3CHttpResponseCodec.java:122)
	at org.openqa.selenium.remote.http.W3CHttpResponseCodec.decode(W3CHttpResponseCodec.java:49)
	at org.openqa.selenium.remote.HttpCommandExecutor.execute(HttpCommandExecutor.java:158)
	at org.openqa.selenium.remote.service.DriverCommandExecutor.execute(DriverCommandExecutor.java:83)
	at org.openqa.selenium.remote.RemoteWebDriver.execute(RemoteWebDriver.java:552)
	at org.openqa.selenium.remote.RemoteWebDriver.findElement(RemoteWebDriver.java:323)
	at org.openqa.selenium.remote.RemoteWebDriver.findElementByXPath(RemoteWebDriver.java:428)
	at org.openqa.selenium.By$ByXPath.findElement(By.java:353)
	at org.openqa.selenium.remote.RemoteWebDriver.findElement(RemoteWebDriver.java:315)
	at org.openqa.selenium.support.ui.ExpectedConditions$7.apply(ExpectedConditions.java:205)
	at org.openqa.selenium.support.ui.ExpectedConditions$7.apply(ExpectedConditions.java:201)
	at org.openqa.selenium.support.ui.ExpectedConditions$22.apply(ExpectedConditions.java:641)
	at org.openqa.selenium.support.ui.ExpectedConditions$22.apply(ExpectedConditions.java:638)
	at org.openqa.selenium.support.ui.FluentWait.until(FluentWait.java:249)
	... 33 more
org.openqa.selenium.NoSuchWindowException: no such window: target window already closed
from unknown error: web view not found
  (Session info: chrome=90.0.4430.212)
Build info: version: '3.141.59', revision: 'e82be7d358', time: '2018-11-14T08:17:03'
System info: host: 'DESKTOP-QANCJUS', ip: '192.168.43.213', os.name: 'Windows 10', os.arch: 'amd64', os.version: '10.0', java.version: '15.0.2'
Driver info: org.openqa.selenium.chrome.ChromeDriver
Capabilities {acceptInsecureCerts: false, browserName: chrome, browserVersion: 90.0.4430.212, chrome: {chromedriverVersion: 89.0.4389.23 (61b08ee2c5002..., userDataDir: C:\Users\user\AppData\Local...}, goog:chromeOptions: {debuggerAddress: localhost:59049}, javascriptEnabled: true, networkConnectionEnabled: false, pageLoadStrategy: normal, platform: WINDOWS, platformName: WINDOWS, proxy: Proxy(), setWindowRect: true, strictFileInteractability: false, timeouts: {implicit: 0, pageLoad: 300000, script: 30000}, unhandledPromptBehavior: dismiss and notify, webauthn:extension:largeBlob: true, webauthn:virtualAuthenticators: true}
Session ID: 785631031ac387e95ff4db30b82fdb9c
	at jdk.internal.reflect.GeneratedConstructorAccessor16.newInstance(Unknown Source)
	at java.base/jdk.internal.reflect.DelegatingConstructorAccessorImpl.newInstance(DelegatingConstructorAccessorImpl.java:45)
	at java.base/java.lang.reflect.Constructor.newInstanceWithCaller(Constructor.java:500)
	at java.base/java.lang.reflect.Constructor.newInstance(Constructor.java:481)
	at org.openqa.selenium.remote.http.W3CHttpResponseCodec.createException(W3CHttpResponseCodec.java:187)
	at org.openqa.selenium.remote.http.W3CHttpResponseCodec.decode(W3CHttpResponseCodec.java:122)
	at org.openqa.selenium.remote.http.W3CHttpResponseCodec.decode(W3CHttpResponseCodec.java:49)
	at org.openqa.selenium.remote.HttpCommandExecutor.execute(HttpCommandExecutor.java:158)
	at org.openqa.selenium.remote.service.DriverCommandExecutor.execute(DriverCommandExecutor.java:83)
	at org.openqa.selenium.remote.RemoteWebDriver.execute(RemoteWebDriver.java:552)
	at org.openqa.selenium.remote.RemoteWebDriver.execute(RemoteWebDriver.java:609)
	at org.openqa.selenium.remote.RemoteWebDriver.getScreenshotAs(RemoteWebDriver.java:295)
	at com.tripadvisor.base.BaseUI.takeScreenShot(BaseUI.java:292)
	at com.tripadvisor.utils.ListenerUtils.onTestFailure(ListenerUtils.java:60)
	at org.testng.internal.TestListenerHelper.runTestListeners(TestListenerHelper.java:67)
	at org.testng.internal.Invoker.runTestListeners(Invoker.java:1389)
	at org.testng.internal.Invoker.invokeMethod(Invoker.java:636)
	at org.testng.internal.Invoker.invokeTestMethod(Invoker.java:719)
	at org.testng.internal.Invoker.invokeTestMethods(Invoker.java:989)
	at org.testng.internal.TestMethodWorker.invokeTestMethods(TestMethodWorker.java:125)
	at org.testng.internal.TestMethodWorker.run(TestMethodWorker.java:109)
	at org.testng.TestRunner.privateRun(TestRunner.java:648)
	at org.testng.TestRunner.run(TestRunner.java:505)
	at org.testng.SuiteRunner.runTest(SuiteRunner.java:455)
	at org.testng.SuiteRunner.runSequentially(SuiteRunner.java:450)
	at org.testng.SuiteRunner.privateRun(SuiteRunner.java:415)
	at org.testng.SuiteRunner.run(SuiteRunner.java:364)
	at org.testng.SuiteRunnerWorker.runSuite(SuiteRunnerWorker.java:52)
	at org.testng.SuiteRunnerWorker.run(SuiteRunnerWorker.java:84)
	at org.testng.TestNG.runSuitesSequentially(TestNG.java:1208)
	at org.testng.TestNG.runSuitesLocally(TestNG.java:1137)
	at org.testng.TestNG.runSuites(TestNG.java:1049)
	at org.testng.TestNG.run(TestNG.java:1017)
	at org.apache.maven.surefire.testng.TestNGExecutor.run(TestNGExecutor.java:135)
	at org.apache.maven.surefire.testng.TestNGDirectoryTestSuite.executeMulti(TestNGDirectoryTestSuite.java:193)
	at org.apache.maven.surefire.testng.TestNGDirectoryTestSuite.execute(TestNGDirectoryTestSuite.java:94)
	at org.apache.maven.surefire.testng.TestNGProvider.invoke(TestNGProvider.java:146)
	at org.apache.maven.surefire.booter.ForkedBooter.invokeProviderInSameClassLoader(ForkedBooter.java:384)
	at org.apache.maven.surefire.booter.ForkedBooter.runSuitesInProcess(ForkedBooter.java:345)
	at org.apache.maven.surefire.booter.ForkedBooter.execute(ForkedBooter.java:126)
	at org.apache.maven.surefire.booter.ForkedBooter.main(ForkedBooter.java:418)
]]></system-err>
  </testcase>
  <testcase name="verifySearchLocationTitleTest" classname="com.tripadvisor.tests.HolidayHomesTest" time="0">
    <skipped message="Method HolidayHomesTest.verifySearchLocationTitleTest(java.lang.String, java.lang.String, java.lang.String)[pri:0, instance:com.tripadvisor.tests.HolidayHomesTest@53d102a2] depends on not successfully finished methods"/>
  </testcase>
  <testcase name="holidayHomesTest" classname="com.tripadvisor.tests.HolidayHomesTest" time="0">
    <skipped message="Method HolidayHomesTest.holidayHomesTest(java.lang.String, java.lang.String, java.lang.String)[pri:0, instance:com.tripadvisor.tests.HolidayHomesTest@53d102a2] depends on not successfully finished methods"/>
  </testcase>
  <testcase name="verifyBookNowTest" classname="com.tripadvisor.tests.HolidayHomesTest" time="0">
    <skipped message="Method HolidayHomesTest.verifyBookNowTest()[pri:0, instance:com.tripadvisor.tests.HolidayHomesTest@53d102a2] depends on not successfully finished methods"/>
  </testcase>
  <testcase name="verifyHotelCheckInTest" classname="com.tripadvisor.tests.HolidayHomesTest" time="0">
    <skipped message="Method HolidayHomesTest.verifyHotelCheckInTest()[pri:0, instance:com.tripadvisor.tests.HolidayHomesTest@53d102a2] depends on not successfully finished methods"/>
  </testcase>
  <testcase name="verifyHotelCheckOutTest" classname="com.tripadvisor.tests.HolidayHomesTest" time="0">
    <skipped message="Method HolidayHomesTest.verifyHotelCheckOutTest()[pri:0, instance:com.tripadvisor.tests.HolidayHomesTest@53d102a2] depends on not successfully finished methods"/>
  </testcase>
  <testcase name="verifyHotelGuestsTest" classname="com.tripadvisor.tests.HolidayHomesTest" time="0">
    <skipped message="Method HolidayHomesTest.verifyHotelGuestsTest(java.lang.String, java.lang.String, java.lang.String)[pri:0, instance:com.tripadvisor.tests.HolidayHomesTest@53d102a2] depends on not successfully finished methods"/>
  </testcase>
  <testcase name="verifyHotelElevatorTest" classname="com.tripadvisor.tests.HolidayHomesTest" time="0">
    <skipped message="Method HolidayHomesTest.verifyHotelElevatorTest()[pri:0, instance:com.tripadvisor.tests.HolidayHomesTest@53d102a2] depends on not successfully finished methods"/>
  </testcase>
  <testcase name="clearAllFiltersTest" classname="com.tripadvisor.tests.HolidayHomesTest" time="0">
    <skipped message="Method HolidayHomesTest.clearAllFiltersTest()[pri:0, instance:com.tripadvisor.tests.HolidayHomesTest@53d102a2] depends on not successfully finished methods"/>
  </testcase>
  <testcase name="showPricesButtonTest" classname="com.tripadvisor.tests.HolidayHomesTest" time="0">
    <skipped message="Method HolidayHomesTest.showPricesButtonTest()[pri:0, instance:com.tripadvisor.tests.HolidayHomesTest@53d102a2] depends on not successfully finished methods"/>
  </testcase>
  <testcase name="bookNowButtonTest" classname="com.tripadvisor.tests.HolidayHomesTest" time="0">
    <skipped message="Method HolidayHomesTest.bookNowButtonTest()[pri:0, instance:com.tripadvisor.tests.HolidayHomesTest@53d102a2] depends on not successfully finished methods"/>
  </testcase>
  <testcase name="verifyCheckInSelectedTest" classname="com.tripadvisor.tests.HolidayHomesTest" time="0">
    <skipped message="Method HolidayHomesTest.verifyCheckInSelectedTest()[pri:0, instance:com.tripadvisor.tests.HolidayHomesTest@53d102a2] depends on not successfully finished methods"/>
  </testcase>
  <testcase name="verifyCheckOutSelectedTest" classname="com.tripadvisor.tests.HolidayHomesTest" time="0">
    <skipped message="Method HolidayHomesTest.verifyCheckOutSelectedTest()[pri:0, instance:com.tripadvisor.tests.HolidayHomesTest@53d102a2] depends on not successfully finished methods"/>
  </testcase>
  <testcase name="verifyCheckInOutFilterTest" classname="com.tripadvisor.tests.HolidayHomesTest" time="0">
    <skipped message="Method HolidayHomesTest.verifyCheckInOutFilterTest()[pri:0, instance:com.tripadvisor.tests.HolidayHomesTest@53d102a2] depends on not successfully finished methods"/>
  </testcase>
  <testcase name="verifyElevatorFilterAppliedTest" classname="com.tripadvisor.tests.HolidayHomesTest" time="0">
    <skipped message="Method HolidayHomesTest.verifyElevatorFilterAppliedTest()[pri:0, instance:com.tripadvisor.tests.HolidayHomesTest@53d102a2] depends on not successfully finished methods"/>
  </testcase>
  <testcase name="verifyPastDateNotSelectedTest" classname="com.tripadvisor.tests.HolidayHomesTest" time="0">
    <skipped message="Method HolidayHomesTest.verifyPastDateNotSelectedTest()[pri:0, instance:com.tripadvisor.tests.HolidayHomesTest@53d102a2] depends on not successfully finished methods"/>
  </testcase>
</testsuite>