<?xml version="1.0" encoding="UTF-8"?>
<testng-results ignored="6" total="10" passed="4" failed="0" skipped="0">
  <reporter-output>
  </reporter-output>
  <suite started-at="2021-05-26T08:57:10Z" name="Suite" finished-at="2021-05-26T08:57:56Z" duration-ms="45341">
    <groups>
    </groups>
    <test started-at="2021-05-26T08:57:10Z" name="Test" finished-at="2021-05-26T08:57:56Z" duration-ms="45341">
      <class name="testCases.TestCase1">
        <test-method is-config="true" signature="setDriver()[pri:0, instance:testCases.TestCase1@2776015d]" started-at="2021-05-26T08:57:05Z" name="setDriver" finished-at="2021-05-26T08:57:10Z" duration-ms="5340" status="PASS">
          <reporter-output>
          </reporter-output>
        </test-method> <!-- setDriver -->
        <test-method is-config="true" signature="browserTest()[pri:0, instance:testCases.TestCase1@2776015d]" started-at="2021-05-26T08:57:11Z" name="browserTest" finished-at="2021-05-26T08:57:18Z" duration-ms="7059" status="PASS">
          <reporter-output>
          </reporter-output>
        </test-method> <!-- browserTest -->
        <test-method signature="datainput()[pri:0, instance:testCases.TestCase1@2776015d]" started-at="2021-05-26T08:57:18Z" name="datainput" finished-at="2021-05-26T08:57:18Z" duration-ms="367" status="PASS">
          <reporter-output>
          </reporter-output>
        </test-method> <!-- datainput -->
        <test-method is-config="true" signature="closeBrowser()[pri:0, instance:testCases.TestCase1@2776015d]" started-at="2021-05-26T08:57:56Z" name="closeBrowser" finished-at="2021-05-26T08:57:57Z" duration-ms="939" status="PASS">
          <reporter-output>
          </reporter-output>
        </test-method> <!-- closeBrowser -->
      </class> <!-- testCases.TestCase1 -->
      <class name="testCases.TestCase2">
        <test-method signature="data1(java.lang.String)[pri:1, instance:testCases.TestCase2@b174a73]" started-at="2021-05-26T08:57:21Z" name="data1" data-provider="searchdata" finished-at="2021-05-26T08:57:40Z" duration-ms="19457" status="PASS">
          <params>
            <param index="0">
              <value>
                <![CDATA[mobiles]]>
              </value>
            </param>
          </params>
          <reporter-output>
          </reporter-output>
        </test-method> <!-- data1 -->
      </class> <!-- testCases.TestCase2 -->
      <class name="testCases.TestCase3">
        <test-method signature="data1(java.lang.String)[pri:1, instance:testCases.TestCase3@2e3f79a2]" started-at="2021-05-26T08:57:40Z" name="data1" data-provider="searchdata" finished-at="2021-05-26T08:57:40Z" duration-ms="16" status="PASS">
          <params>
            <param index="0">
              <value>
                <![CDATA[mobiles]]>
              </value>
            </param>
          </params>
          <reporter-output>
          </reporter-output>
        </test-method> <!-- data1 -->
      </class> <!-- testCases.TestCase3 -->
      <class name="testCases.TestCase4">
        <test-method signature="data1(java.lang.String)[pri:1, instance:testCases.TestCase4@1460c81d]" started-at="2021-05-26T08:57:40Z" name="data1" data-provider="searchdata" finished-at="2021-05-26T08:57:56Z" duration-ms="15373" status="PASS">
          <params>
            <param index="0">
              <value>
                <![CDATA[mobiles]]>
              </value>
            </param>
          </params>
          <reporter-output>
          </reporter-output>
        </test-method> <!-- data1 -->
      </class> <!-- testCases.TestCase4 -->
    </test> <!-- Test -->
  </suite> <!-- Suite -->
</testng-results>
